<?xml version="1.0" encoding="UTF-8"?>
<!-- Generated by org.testng.reporters.JUnitReportReporter -->
<testsuite hostname="DESKTOP-QNBP0FC" failures="0" tests="3" name="practise.Testng5Practise" time="0.009" errors="0" timestamp="2023-08-17T08:52:11 IST" skipped="1">
  <testcase classname="practise.Testng5Practise" name="deleteUser" time="0.007"/>
  <system-out/>
  <testcase classname="practise.Testng5Practise" name="updateUser" time="0.002"/>
  <system-out/>
  <testcase classname="practise.Testng5Practise" name="createUser">
    <skipped/>
  </testcase> <!-- createUser -->
  <system-out/>
</testsuite> <!-- practise.Testng5Practise -->
