<?xml version="1.0" encoding="UTF-8"?>
<!-- Generated by org.testng.reporters.JUnitReportReporter -->
<testsuite hostname="DESKTOP-QNBP0FC" failures="0" tests="5" name="practise.Testng2Practise" time="0.015" errors="0" timestamp="2023-08-17T08:36:08 IST" skipped="0">
  <testcase classname="practise.Testng2Practise" name="createUser" time="0.001"/>
  <system-out/>
  <testcase classname="practise.Testng2Practise" name="updateUser" time="0.002"/>
  <system-out/>
  <testcase classname="practise.Testng2Practise" name="createUser" time="0.010"/>
  <system-out/>
  <testcase classname="practise.Testng2Practise" name="createUser" time="0.001"/>
  <system-out/>
  <testcase classname="practise.Testng2Practise" name="deleteUser" time="0.001"/>
  <system-out/>
</testsuite> <!-- practise.Testng2Practise -->
