<?xml version="1.0" encoding="UTF-8"?>
<!-- Generated by org.testng.reporters.JUnitReportReporter -->
<testsuite hostname="DESKTOP-QNBP0FC" failures="0" tests="3" name="practise.Testng1Practise" time="0.013" errors="0" timestamp="2023-08-17T08:31:21 IST" skipped="0">
  <testcase classname="practise.Testng1Practise" name="deleteUser" time="0.009"/>
  <system-out/>
  <testcase classname="practise.Testng1Practise" name="createUser" time="0.002"/>
  <system-out/>
  <testcase classname="practise.Testng1Practise" name="updateUser" time="0.002"/>
  <system-out/>
</testsuite> <!-- practise.Testng1Practise -->
