<?xml version="1.0" encoding="UTF-8"?>
<!-- Generated by org.testng.reporters.JUnitReportReporter -->
<testsuite hostname="DESKTOP-QNBP0FC" failures="0" tests="2" name="practise.Testng3Practise" time="0.010" errors="0" timestamp="2023-08-17T08:43:44 IST" skipped="0">
  <testcase classname="practise.Testng3Practise" name="updateUser" time="0.001"/>
  <system-out/>
  <testcase classname="practise.Testng3Practise" name="deleteUser" time="0.009"/>
  <system-out/>
</testsuite> <!-- practise.Testng3Practise -->
